{"C:\\Users\\patin\\twitter-clone-application\\app.js": {"path":"C:\\Users\\patin\\twitter-clone-application\\app.js","statementMap":{"0":{"start":{"line":1,"column":16},"end":{"line":1,"column":34}},"1":{"start":{"line":2,"column":19},"end":{"line":2,"column":41}},"2":{"start":{"line":4,"column":12},"end":{"line":4,"column":21}},"3":{"start":{"line":5,"column":16},"end":{"line":5,"column":47}},"4":{"start":{"line":6,"column":14},"end":{"line":6,"column":39}},"5":{"start":{"line":7,"column":15},"end":{"line":7,"column":41}},"6":{"start":{"line":8,"column":0},"end":{"line":8,"column":33}},"7":{"start":{"line":10,"column":0},"end":{"line":10,"column":27}},"8":{"start":{"line":11,"column":0},"end":{"line":11,"column":29}},"9":{"start":{"line":13,"column":0},"end":{"line":13,"column":24}},"10":{"start":{"line":14,"column":0},"end":{"line":14,"column":26}},"11":{"start":{"line":17,"column":0},"end":{"line":19,"column":2}},"12":{"start":{"line":18,"column":1},"end":{"line":18,"column":28}},"13":{"start":{"line":21,"column":0},"end":{"line":23,"column":2}},"14":{"start":{"line":22,"column":1},"end":{"line":22,"column":23}},"15":{"start":{"line":25,"column":0},"end":{"line":25,"column":20}}},"fnMap":{"0":{"name":"(anonymous_0)","decl":{"start":{"line":17,"column":13},"end":{"line":17,"column":14}},"loc":{"start":{"line":17,"column":40},"end":{"line":19,"column":1}},"line":17},"1":{"name":"(anonymous_1)","decl":{"start":{"line":21,"column":13},"end":{"line":21,"column":14}},"loc":{"start":{"line":21,"column":40},"end":{"line":23,"column":1}},"line":21}},"branchMap":{},"s":{"0":0,"1":0,"2":0,"3":0,"4":0,"5":0,"6":0,"7":0,"8":0,"9":0,"10":0,"11":0,"12":0,"13":0,"14":0,"15":0},"f":{"0":0,"1":0},"b":{},"hash":"f618afb6a1591e9b0e93a6f9899749af318c6ab8"}
,"C:\\Users\\patin\\twitter-clone-application\\server.js": {"path":"C:\\Users\\patin\\twitter-clone-application\\server.js","statementMap":{"0":{"start":{"line":1,"column":15},"end":{"line":1,"column":31}},"1":{"start":{"line":2,"column":13},"end":{"line":2,"column":37}},"2":{"start":{"line":4,"column":0},"end":{"line":6,"column":2}},"3":{"start":{"line":5,"column":1},"end":{"line":5,"column":47}}},"fnMap":{"0":{"name":"(anonymous_0)","decl":{"start":{"line":4,"column":20},"end":{"line":4,"column":21}},"loc":{"start":{"line":4,"column":30},"end":{"line":6,"column":1}},"line":4}},"branchMap":{"0":{"loc":{"start":{"line":2,"column":13},"end":{"line":2,"column":37}},"type":"binary-expr","locations":[{"start":{"line":2,"column":13},"end":{"line":2,"column":29}},{"start":{"line":2,"column":33},"end":{"line":2,"column":37}}],"line":2}},"s":{"0":0,"1":0,"2":0,"3":0},"f":{"0":0},"b":{"0":[0,0]},"hash":"22ef8b78d9a6bf305ae3fb6a4e4e3d0b7c284b76"}
,"C:\\Users\\patin\\twitter-clone-application\\models\\currentUser.js": {"path":"C:\\Users\\patin\\twitter-clone-application\\models\\currentUser.js","statementMap":{"0":{"start":{"line":1,"column":0},"end":{"line":10,"column":1}},"1":{"start":{"line":4,"column":2},"end":{"line":4,"column":26}},"2":{"start":{"line":5,"column":2},"end":{"line":5,"column":48}},"3":{"start":{"line":8,"column":2},"end":{"line":8,"column":22}}},"fnMap":{"0":{"name":"(anonymous_0)","decl":{"start":{"line":3,"column":6},"end":{"line":3,"column":7}},"loc":{"start":{"line":3,"column":24},"end":{"line":6,"column":2}},"line":3},"1":{"name":"(anonymous_1)","decl":{"start":{"line":7,"column":6},"end":{"line":7,"column":7}},"loc":{"start":{"line":7,"column":16},"end":{"line":9,"column":2}},"line":7}},"branchMap":{},"s":{"0":3,"1":1,"2":1,"3":2},"f":{"0":1,"1":2},"b":{},"_coverageSchema":"43e27e138ebf9cfc5966b082cf9a028302ed4184","hash":"529f8691e3a06529cea282dd8f6cbba47401a7dc"}
,"C:\\Users\\patin\\twitter-clone-application\\models\\helper.js": {"path":"C:\\Users\\patin\\twitter-clone-application\\models\\helper.js","statementMap":{"0":{"start":{"line":1,"column":0},"end":{"line":14,"column":1}},"1":{"start":{"line":3,"column":19},"end":{"line":3,"column":38}},"2":{"start":{"line":5,"column":19},"end":{"line":6,"column":52}},"3":{"start":{"line":9,"column":4},"end":{"line":11,"column":28}}},"fnMap":{"0":{"name":"(anonymous_0)","decl":{"start":{"line":2,"column":16},"end":{"line":2,"column":17}},"loc":{"start":{"line":2,"column":35},"end":{"line":13,"column":3}},"line":2}},"branchMap":{},"s":{"0":3,"1":15,"2":15,"3":15},"f":{"0":15},"b":{},"_coverageSchema":"43e27e138ebf9cfc5966b082cf9a028302ed4184","hash":"0746bbf3aa5c9b9a3e532d48d30b8f5de135efa3"}
,"C:\\Users\\patin\\twitter-clone-application\\models\\index.js": {"path":"C:\\Users\\patin\\twitter-clone-application\\models\\index.js","statementMap":{"0":{"start":{"line":1,"column":18},"end":{"line":1,"column":38}},"1":{"start":{"line":2,"column":18},"end":{"line":2,"column":35}},"2":{"start":{"line":3,"column":19},"end":{"line":3,"column":37}},"3":{"start":{"line":5,"column":18},"end":{"line":5,"column":91}},"4":{"start":{"line":7,"column":16},"end":{"line":14,"column":1}},"5":{"start":{"line":8,"column":1},"end":{"line":13,"column":2}},"6":{"start":{"line":9,"column":2},"end":{"line":9,"column":32}},"7":{"start":{"line":10,"column":2},"end":{"line":10,"column":40}},"8":{"start":{"line":12,"column":2},"end":{"line":12,"column":44}},"9":{"start":{"line":16,"column":0},"end":{"line":20,"column":1}}},"fnMap":{"0":{"name":"(anonymous_0)","decl":{"start":{"line":7,"column":16},"end":{"line":7,"column":17}},"loc":{"start":{"line":7,"column":32},"end":{"line":14,"column":1}},"line":7}},"branchMap":{},"s":{"0":3,"1":3,"2":3,"3":3,"4":3,"5":4,"6":4,"7":3,"8":0,"9":3},"f":{"0":4},"b":{},"_coverageSchema":"43e27e138ebf9cfc5966b082cf9a028302ed4184","hash":"4001c9d4d667dd917fb2887bf57dd1d3cfbe9379"}
,"C:\\Users\\patin\\twitter-clone-application\\models\\tweet.js": {"path":"C:\\Users\\patin\\twitter-clone-application\\models\\tweet.js","statementMap":{"0":{"start":{"line":1,"column":0},"end":{"line":15,"column":1}},"1":{"start":{"line":2,"column":1},"end":{"line":14,"column":3}}},"fnMap":{"0":{"name":"(anonymous_0)","decl":{"start":{"line":1,"column":17},"end":{"line":1,"column":18}},"loc":{"start":{"line":1,"column":42},"end":{"line":15,"column":1}},"line":1}},"branchMap":{},"s":{"0":3,"1":3},"f":{"0":3},"b":{},"_coverageSchema":"43e27e138ebf9cfc5966b082cf9a028302ed4184","hash":"6130eb028051be0d573ae3ad5bb80c81a595f439"}
,"C:\\Users\\patin\\twitter-clone-application\\models\\tweetsDatabase.js": {"path":"C:\\Users\\patin\\twitter-clone-application\\models\\tweetsDatabase.js","statementMap":{"0":{"start":{"line":1,"column":15},"end":{"line":1,"column":34}},"1":{"start":{"line":2,"column":31},"end":{"line":2,"column":44}},"2":{"start":{"line":3,"column":0},"end":{"line":3,"column":9}},"3":{"start":{"line":5,"column":8},"end":{"line":5,"column":25}},"4":{"start":{"line":7,"column":0},"end":{"line":68,"column":1}},"5":{"start":{"line":10,"column":23},"end":{"line":10,"column":25}},"6":{"start":{"line":11,"column":4},"end":{"line":17,"column":6}},"7":{"start":{"line":12,"column":26},"end":{"line":12,"column":41}},"8":{"start":{"line":13,"column":6},"end":{"line":16,"column":54}},"9":{"start":{"line":18,"column":4},"end":{"line":18,"column":23}},"10":{"start":{"line":22,"column":17},"end":{"line":22,"column":19}},"11":{"start":{"line":24,"column":15},"end":{"line":24,"column":47}},"12":{"start":{"line":25,"column":4},"end":{"line":25,"column":77}},"13":{"start":{"line":25,"column":39},"end":{"line":25,"column":75}},"14":{"start":{"line":26,"column":4},"end":{"line":37,"column":6}},"15":{"start":{"line":28,"column":6},"end":{"line":30,"column":7}},"16":{"start":{"line":29,"column":8},"end":{"line":29,"column":35}},"17":{"start":{"line":32,"column":6},"end":{"line":36,"column":8}},"18":{"start":{"line":38,"column":4},"end":{"line":38,"column":17}},"19":{"start":{"line":41,"column":4},"end":{"line":41,"column":57}},"20":{"start":{"line":45,"column":4},"end":{"line":47,"column":6}},"21":{"start":{"line":46,"column":6},"end":{"line":46,"column":39}},"22":{"start":{"line":50,"column":4},"end":{"line":50,"column":42}},"23":{"start":{"line":55,"column":19},"end":{"line":55,"column":21}},"24":{"start":{"line":56,"column":15},"end":{"line":56,"column":46}},"25":{"start":{"line":57,"column":4},"end":{"line":65,"column":6}},"26":{"start":{"line":58,"column":6},"end":{"line":59,"column":39}},"27":{"start":{"line":59,"column":8},"end":{"line":59,"column":39}},"28":{"start":{"line":60,"column":6},"end":{"line":64,"column":8}},"29":{"start":{"line":66,"column":4},"end":{"line":66,"column":21}}},"fnMap":{"0":{"name":"(anonymous_0)","decl":{"start":{"line":9,"column":16},"end":{"line":9,"column":17}},"loc":{"start":{"line":9,"column":34},"end":{"line":19,"column":3}},"line":9},"1":{"name":"(anonymous_1)","decl":{"start":{"line":11,"column":34},"end":{"line":11,"column":35}},"loc":{"start":{"line":11,"column":41},"end":{"line":17,"column":5}},"line":11},"2":{"name":"(anonymous_2)","decl":{"start":{"line":20,"column":21},"end":{"line":20,"column":22}},"loc":{"start":{"line":20,"column":42},"end":{"line":39,"column":3}},"line":20},"3":{"name":"(anonymous_3)","decl":{"start":{"line":25,"column":23},"end":{"line":25,"column":24}},"loc":{"start":{"line":25,"column":38},"end":{"line":25,"column":76}},"line":25},"4":{"name":"(anonymous_4)","decl":{"start":{"line":26,"column":20},"end":{"line":26,"column":21}},"loc":{"start":{"line":26,"column":35},"end":{"line":37,"column":5}},"line":26},"5":{"name":"(anonymous_5)","decl":{"start":{"line":40,"column":10},"end":{"line":40,"column":11}},"loc":{"start":{"line":40,"column":41},"end":{"line":42,"column":3}},"line":40},"6":{"name":"(anonymous_6)","decl":{"start":{"line":43,"column":10},"end":{"line":43,"column":11}},"loc":{"start":{"line":43,"column":42},"end":{"line":48,"column":3}},"line":43},"7":{"name":"(anonymous_7)","decl":{"start":{"line":45,"column":42},"end":{"line":45,"column":43}},"loc":{"start":{"line":45,"column":49},"end":{"line":47,"column":5}},"line":45},"8":{"name":"(anonymous_8)","decl":{"start":{"line":49,"column":10},"end":{"line":49,"column":11}},"loc":{"start":{"line":49,"column":36},"end":{"line":51,"column":3}},"line":49},"9":{"name":"(anonymous_9)","decl":{"start":{"line":52,"column":11},"end":{"line":52,"column":12}},"loc":{"start":{"line":52,"column":21},"end":{"line":53,"column":3}},"line":52},"10":{"name":"(anonymous_10)","decl":{"start":{"line":54,"column":15},"end":{"line":54,"column":16}},"loc":{"start":{"line":54,"column":31},"end":{"line":67,"column":3}},"line":54},"11":{"name":"(anonymous_11)","decl":{"start":{"line":57,"column":20},"end":{"line":57,"column":21}},"loc":{"start":{"line":57,"column":35},"end":{"line":65,"column":5}},"line":57}},"branchMap":{"0":{"loc":{"start":{"line":28,"column":6},"end":{"line":30,"column":7}},"type":"if","locations":[{"start":{"line":28,"column":6},"end":{"line":30,"column":7}},{"start":{"line":28,"column":6},"end":{"line":30,"column":7}}],"line":28},"1":{"loc":{"start":{"line":58,"column":6},"end":{"line":59,"column":39}},"type":"if","locations":[{"start":{"line":58,"column":6},"end":{"line":59,"column":39}},{"start":{"line":58,"column":6},"end":{"line":59,"column":39}}],"line":58}},"s":{"0":2,"1":2,"2":2,"3":2,"4":2,"5":2,"6":2,"7":2,"8":2,"9":2,"10":3,"11":3,"12":3,"13":16,"14":3,"15":3,"16":2,"17":3,"18":3,"19":1,"20":0,"21":0,"22":1,"23":2,"24":2,"25":2,"26":10,"27":6,"28":10,"29":2},"f":{"0":2,"1":2,"2":3,"3":16,"4":3,"5":1,"6":0,"7":0,"8":1,"9":1,"10":2,"11":10},"b":{"0":[2,1],"1":[6,4]},"_coverageSchema":"43e27e138ebf9cfc5966b082cf9a028302ed4184","hash":"b5599663f7dba4f27b46dd078748274a4843cc78"}
,"C:\\Users\\patin\\twitter-clone-application\\models\\user.js": {"path":"C:\\Users\\patin\\twitter-clone-application\\models\\user.js","statementMap":{"0":{"start":{"line":1,"column":0},"end":{"line":16,"column":1}},"1":{"start":{"line":2,"column":1},"end":{"line":15,"column":3}}},"fnMap":{"0":{"name":"(anonymous_0)","decl":{"start":{"line":1,"column":17},"end":{"line":1,"column":18}},"loc":{"start":{"line":1,"column":42},"end":{"line":16,"column":1}},"line":1}},"branchMap":{},"s":{"0":3,"1":3},"f":{"0":3},"b":{},"_coverageSchema":"43e27e138ebf9cfc5966b082cf9a028302ed4184","hash":"c20dbd72510bc1119a4930043a9a890509e8284e"}
,"C:\\Users\\patin\\twitter-clone-application\\routes\\tweets.js": {"path":"C:\\Users\\patin\\twitter-clone-application\\routes\\tweets.js","statementMap":{"0":{"start":{"line":1,"column":16},"end":{"line":1,"column":34}},"1":{"start":{"line":2,"column":19},"end":{"line":2,"column":41}},"2":{"start":{"line":3,"column":23},"end":{"line":3,"column":49}},"3":{"start":{"line":4,"column":16},"end":{"line":4,"column":48}},"4":{"start":{"line":5,"column":31},"end":{"line":5,"column":51}},"5":{"start":{"line":6,"column":15},"end":{"line":6,"column":31}},"6":{"start":{"line":7,"column":0},"end":{"line":7,"column":9}},"7":{"start":{"line":9,"column":25},"end":{"line":9,"column":64}},"8":{"start":{"line":10,"column":17},"end":{"line":10,"column":52}},"9":{"start":{"line":11,"column":0},"end":{"line":11,"column":37}},"10":{"start":{"line":13,"column":0},"end":{"line":13,"column":18}},"11":{"start":{"line":15,"column":24},"end":{"line":23,"column":1}},"12":{"start":{"line":16,"column":20},"end":{"line":16,"column":25}},"13":{"start":{"line":17,"column":1},"end":{"line":21,"column":3}},"14":{"start":{"line":18,"column":2},"end":{"line":20,"column":3}},"15":{"start":{"line":19,"column":3},"end":{"line":19,"column":22}},"16":{"start":{"line":22,"column":1},"end":{"line":22,"column":20}},"17":{"start":{"line":27,"column":0},"end":{"line":37,"column":2}},"18":{"start":{"line":28,"column":13},"end":{"line":28,"column":26}},"19":{"start":{"line":29,"column":1},"end":{"line":29,"column":32}},"20":{"start":{"line":30,"column":14},"end":{"line":30,"column":16}},"21":{"start":{"line":31,"column":1},"end":{"line":35,"column":2}},"22":{"start":{"line":32,"column":2},"end":{"line":32,"column":46}},"23":{"start":{"line":34,"column":2},"end":{"line":34,"column":39}},"24":{"start":{"line":36,"column":1},"end":{"line":36,"column":47}},"25":{"start":{"line":39,"column":0},"end":{"line":49,"column":2}},"26":{"start":{"line":40,"column":13},"end":{"line":40,"column":26}},"27":{"start":{"line":41,"column":1},"end":{"line":41,"column":38}},"28":{"start":{"line":42,"column":14},"end":{"line":42,"column":16}},"29":{"start":{"line":43,"column":1},"end":{"line":47,"column":2}},"30":{"start":{"line":44,"column":2},"end":{"line":44,"column":46}},"31":{"start":{"line":46,"column":2},"end":{"line":46,"column":39}},"32":{"start":{"line":48,"column":1},"end":{"line":48,"column":32}},"33":{"start":{"line":56,"column":0},"end":{"line":58,"column":2}},"34":{"start":{"line":57,"column":1},"end":{"line":57,"column":35}},"35":{"start":{"line":59,"column":0},"end":{"line":65,"column":2}},"36":{"start":{"line":60,"column":17},"end":{"line":60,"column":29}},"37":{"start":{"line":61,"column":1},"end":{"line":61,"column":28}},"38":{"start":{"line":62,"column":1},"end":{"line":62,"column":47}},"39":{"start":{"line":64,"column":1},"end":{"line":64,"column":29}},"40":{"start":{"line":67,"column":0},"end":{"line":71,"column":2}},"41":{"start":{"line":68,"column":14},"end":{"line":68,"column":28}},"42":{"start":{"line":70,"column":1},"end":{"line":70,"column":42}},"43":{"start":{"line":73,"column":0},"end":{"line":84,"column":2}},"44":{"start":{"line":75,"column":14},"end":{"line":75,"column":28}},"45":{"start":{"line":76,"column":1},"end":{"line":83,"column":2}},"46":{"start":{"line":77,"column":2},"end":{"line":77,"column":53}},"47":{"start":{"line":78,"column":2},"end":{"line":78,"column":41}},"48":{"start":{"line":81,"column":14},"end":{"line":81,"column":45}},"49":{"start":{"line":82,"column":2},"end":{"line":82,"column":46}},"50":{"start":{"line":86,"column":0},"end":{"line":91,"column":2}},"51":{"start":{"line":87,"column":14},"end":{"line":87,"column":28}},"52":{"start":{"line":88,"column":17},"end":{"line":88,"column":29}},"53":{"start":{"line":89,"column":1},"end":{"line":89,"column":45}},"54":{"start":{"line":90,"column":1},"end":{"line":90,"column":29}},"55":{"start":{"line":92,"column":0},"end":{"line":96,"column":2}},"56":{"start":{"line":93,"column":14},"end":{"line":93,"column":28}},"57":{"start":{"line":94,"column":1},"end":{"line":94,"column":44}},"58":{"start":{"line":95,"column":1},"end":{"line":95,"column":29}},"59":{"start":{"line":98,"column":0},"end":{"line":100,"column":2}},"60":{"start":{"line":99,"column":1},"end":{"line":99,"column":29}},"61":{"start":{"line":102,"column":0},"end":{"line":102,"column":23}}},"fnMap":{"0":{"name":"(anonymous_0)","decl":{"start":{"line":15,"column":24},"end":{"line":15,"column":25}},"loc":{"start":{"line":15,"column":47},"end":{"line":23,"column":1}},"line":15},"1":{"name":"(anonymous_1)","decl":{"start":{"line":17,"column":49},"end":{"line":17,"column":50}},"loc":{"start":{"line":17,"column":56},"end":{"line":21,"column":2}},"line":17},"2":{"name":"(anonymous_2)","decl":{"start":{"line":27,"column":16},"end":{"line":27,"column":17}},"loc":{"start":{"line":27,"column":49},"end":{"line":37,"column":1}},"line":27},"3":{"name":"(anonymous_3)","decl":{"start":{"line":39,"column":22},"end":{"line":39,"column":23}},"loc":{"start":{"line":39,"column":55},"end":{"line":49,"column":1}},"line":39},"4":{"name":"(anonymous_4)","decl":{"start":{"line":56,"column":19},"end":{"line":56,"column":20}},"loc":{"start":{"line":56,"column":46},"end":{"line":58,"column":1}},"line":56},"5":{"name":"(anonymous_5)","decl":{"start":{"line":59,"column":38},"end":{"line":59,"column":39}},"loc":{"start":{"line":59,"column":71},"end":{"line":65,"column":1}},"line":59},"6":{"name":"(anonymous_6)","decl":{"start":{"line":67,"column":24},"end":{"line":67,"column":25}},"loc":{"start":{"line":67,"column":51},"end":{"line":71,"column":1}},"line":67},"7":{"name":"(anonymous_7)","decl":{"start":{"line":73,"column":19},"end":{"line":73,"column":20}},"loc":{"start":{"line":73,"column":52},"end":{"line":84,"column":1}},"line":73},"8":{"name":"(anonymous_8)","decl":{"start":{"line":86,"column":37},"end":{"line":86,"column":38}},"loc":{"start":{"line":86,"column":64},"end":{"line":91,"column":1}},"line":86},"9":{"name":"(anonymous_9)","decl":{"start":{"line":92,"column":40},"end":{"line":92,"column":41}},"loc":{"start":{"line":92,"column":73},"end":{"line":96,"column":1}},"line":92},"10":{"name":"(anonymous_10)","decl":{"start":{"line":98,"column":16},"end":{"line":98,"column":17}},"loc":{"start":{"line":98,"column":43},"end":{"line":100,"column":1}},"line":98}},"branchMap":{"0":{"loc":{"start":{"line":18,"column":2},"end":{"line":20,"column":3}},"type":"if","locations":[{"start":{"line":18,"column":2},"end":{"line":20,"column":3}},{"start":{"line":18,"column":2},"end":{"line":20,"column":3}}],"line":18},"1":{"loc":{"start":{"line":31,"column":1},"end":{"line":35,"column":2}},"type":"if","locations":[{"start":{"line":31,"column":1},"end":{"line":35,"column":2}},{"start":{"line":31,"column":1},"end":{"line":35,"column":2}}],"line":31},"2":{"loc":{"start":{"line":43,"column":1},"end":{"line":47,"column":2}},"type":"if","locations":[{"start":{"line":43,"column":1},"end":{"line":47,"column":2}},{"start":{"line":43,"column":1},"end":{"line":47,"column":2}}],"line":43},"3":{"loc":{"start":{"line":76,"column":1},"end":{"line":83,"column":2}},"type":"if","locations":[{"start":{"line":76,"column":1},"end":{"line":83,"column":2}},{"start":{"line":76,"column":1},"end":{"line":83,"column":2}}],"line":76}},"s":{"0":1,"1":1,"2":1,"3":1,"4":1,"5":1,"6":1,"7":1,"8":1,"9":1,"10":1,"11":1,"12":1,"13":1,"14":1,"15":0,"16":1,"17":1,"18":1,"19":1,"20":1,"21":1,"22":0,"23":1,"24":1,"25":1,"26":1,"27":1,"28":1,"29":1,"30":0,"31":1,"32":1,"33":1,"34":1,"35":1,"36":0,"37":0,"38":0,"39":0,"40":1,"41":0,"42":0,"43":1,"44":1,"45":1,"46":0,"47":0,"48":1,"49":1,"50":1,"51":0,"52":0,"53":0,"54":0,"55":1,"56":0,"57":0,"58":0,"59":1,"60":0,"61":1},"f":{"0":1,"1":1,"2":1,"3":1,"4":1,"5":0,"6":0,"7":1,"8":0,"9":0,"10":0},"b":{"0":[0,1],"1":[0,1],"2":[0,1],"3":[0,1]},"_coverageSchema":"43e27e138ebf9cfc5966b082cf9a028302ed4184","hash":"a9a4c0adc82e6433d57657079c6c1351e676fff4"}
,"C:\\Users\\patin\\twitter-clone-application\\routes\\users.js": {"path":"C:\\Users\\patin\\twitter-clone-application\\routes\\users.js","statementMap":{"0":{"start":{"line":1,"column":16},"end":{"line":1,"column":34}},"1":{"start":{"line":2,"column":19},"end":{"line":2,"column":41}},"2":{"start":{"line":3,"column":16},"end":{"line":3,"column":48}},"3":{"start":{"line":4,"column":15},"end":{"line":4,"column":42}},"4":{"start":{"line":5,"column":31},"end":{"line":5,"column":51}},"5":{"start":{"line":6,"column":15},"end":{"line":6,"column":31}},"6":{"start":{"line":8,"column":25},"end":{"line":8,"column":64}},"7":{"start":{"line":11,"column":20},"end":{"line":11,"column":34}},"8":{"start":{"line":12,"column":0},"end":{"line":12,"column":9}},"9":{"start":{"line":14,"column":0},"end":{"line":17,"column":2}},"10":{"start":{"line":16,"column":1},"end":{"line":16,"column":31}},"11":{"start":{"line":19,"column":0},"end":{"line":21,"column":2}},"12":{"start":{"line":20,"column":1},"end":{"line":20,"column":32}},"13":{"start":{"line":23,"column":0},"end":{"line":42,"column":2}},"14":{"start":{"line":25,"column":30},"end":{"line":25,"column":42}},"15":{"start":{"line":27,"column":14},"end":{"line":27,"column":71}},"16":{"start":{"line":28,"column":1},"end":{"line":28,"column":18}},"17":{"start":{"line":29,"column":1},"end":{"line":31,"column":2}},"18":{"start":{"line":30,"column":2},"end":{"line":30,"column":49}},"19":{"start":{"line":33,"column":1},"end":{"line":41,"column":2}},"20":{"start":{"line":34,"column":2},"end":{"line":34,"column":38}},"21":{"start":{"line":36,"column":6},"end":{"line":41,"column":2}},"22":{"start":{"line":37,"column":2},"end":{"line":37,"column":23}},"23":{"start":{"line":38,"column":2},"end":{"line":38,"column":30}},"24":{"start":{"line":40,"column":2},"end":{"line":40,"column":24}},"25":{"start":{"line":44,"column":0},"end":{"line":46,"column":2}},"26":{"start":{"line":45,"column":1},"end":{"line":45,"column":31}},"27":{"start":{"line":47,"column":0},"end":{"line":62,"column":2}},"28":{"start":{"line":48,"column":30},"end":{"line":48,"column":42}},"29":{"start":{"line":49,"column":17},"end":{"line":49,"column":22}},"30":{"start":{"line":50,"column":14},"end":{"line":55,"column":3}},"31":{"start":{"line":52,"column":2},"end":{"line":52,"column":38}},"32":{"start":{"line":53,"column":2},"end":{"line":53,"column":22}},"33":{"start":{"line":54,"column":2},"end":{"line":54,"column":21}},"34":{"start":{"line":57,"column":1},"end":{"line":61,"column":2}},"35":{"start":{"line":58,"column":2},"end":{"line":58,"column":52}},"36":{"start":{"line":60,"column":2},"end":{"line":60,"column":32}},"37":{"start":{"line":63,"column":0},"end":{"line":65,"column":2}},"38":{"start":{"line":64,"column":1},"end":{"line":64,"column":31}},"39":{"start":{"line":67,"column":0},"end":{"line":67,"column":23}}},"fnMap":{"0":{"name":"(anonymous_0)","decl":{"start":{"line":14,"column":21},"end":{"line":14,"column":22}},"loc":{"start":{"line":14,"column":48},"end":{"line":17,"column":1}},"line":14},"1":{"name":"(anonymous_1)","decl":{"start":{"line":19,"column":41},"end":{"line":19,"column":42}},"loc":{"start":{"line":19,"column":74},"end":{"line":21,"column":1}},"line":19},"2":{"name":"(anonymous_2)","decl":{"start":{"line":23,"column":41},"end":{"line":23,"column":42}},"loc":{"start":{"line":23,"column":74},"end":{"line":42,"column":1}},"line":23},"3":{"name":"(anonymous_3)","decl":{"start":{"line":44,"column":16},"end":{"line":44,"column":17}},"loc":{"start":{"line":44,"column":43},"end":{"line":46,"column":1}},"line":44},"4":{"name":"(anonymous_4)","decl":{"start":{"line":47,"column":35},"end":{"line":47,"column":36}},"loc":{"start":{"line":47,"column":68},"end":{"line":62,"column":1}},"line":47},"5":{"name":"(anonymous_5)","decl":{"start":{"line":51,"column":7},"end":{"line":51,"column":8}},"loc":{"start":{"line":51,"column":28},"end":{"line":55,"column":2}},"line":51},"6":{"name":"(anonymous_6)","decl":{"start":{"line":63,"column":16},"end":{"line":63,"column":17}},"loc":{"start":{"line":63,"column":43},"end":{"line":65,"column":1}},"line":63}},"branchMap":{"0":{"loc":{"start":{"line":29,"column":1},"end":{"line":31,"column":2}},"type":"if","locations":[{"start":{"line":29,"column":1},"end":{"line":31,"column":2}},{"start":{"line":29,"column":1},"end":{"line":31,"column":2}}],"line":29},"1":{"loc":{"start":{"line":33,"column":1},"end":{"line":41,"column":2}},"type":"if","locations":[{"start":{"line":33,"column":1},"end":{"line":41,"column":2}},{"start":{"line":33,"column":1},"end":{"line":41,"column":2}}],"line":33},"2":{"loc":{"start":{"line":36,"column":6},"end":{"line":41,"column":2}},"type":"if","locations":[{"start":{"line":36,"column":6},"end":{"line":41,"column":2}},{"start":{"line":36,"column":6},"end":{"line":41,"column":2}}],"line":36},"3":{"loc":{"start":{"line":36,"column":9},"end":{"line":36,"column":63}},"type":"binary-expr","locations":[{"start":{"line":36,"column":9},"end":{"line":36,"column":34}},{"start":{"line":36,"column":38},"end":{"line":36,"column":63}}],"line":36},"4":{"loc":{"start":{"line":57,"column":1},"end":{"line":61,"column":2}},"type":"if","locations":[{"start":{"line":57,"column":1},"end":{"line":61,"column":2}},{"start":{"line":57,"column":1},"end":{"line":61,"column":2}}],"line":57}},"s":{"0":1,"1":1,"2":1,"3":1,"4":1,"5":1,"6":1,"7":1,"8":1,"9":1,"10":1,"11":1,"12":1,"13":1,"14":0,"15":0,"16":0,"17":0,"18":0,"19":0,"20":0,"21":0,"22":0,"23":0,"24":0,"25":1,"26":0,"27":1,"28":0,"29":0,"30":0,"31":0,"32":0,"33":0,"34":0,"35":0,"36":0,"37":1,"38":0,"39":1},"f":{"0":1,"1":1,"2":0,"3":0,"4":0,"5":0,"6":0},"b":{"0":[0,0],"1":[0,0],"2":[0,0],"3":[0,0],"4":[0,0]},"_coverageSchema":"43e27e138ebf9cfc5966b082cf9a028302ed4184","hash":"93392a26e5fbf65d816afb3d28c5f376636251ab"}
}
