TN:
SF:C:\Users\patin\twitter-clone-application\app.js
FN:17,(anonymous_0)
FN:21,(anonymous_1)
FNF:2
FNH:0
FNDA:0,(anonymous_0)
FNDA:0,(anonymous_1)
DA:1,0
DA:2,0
DA:4,0
DA:5,0
DA:6,0
DA:7,0
DA:8,0
DA:10,0
DA:11,0
DA:13,0
DA:14,0
DA:17,0
DA:18,0
DA:21,0
DA:22,0
DA:25,0
LF:16
LH:0
BRF:0
BRH:0
end_of_record
TN:
SF:C:\Users\patin\twitter-clone-application\server.js
FN:4,(anonymous_0)
FNF:1
FNH:0
FNDA:0,(anonymous_0)
DA:1,0
DA:2,0
DA:4,0
DA:5,0
LF:4
LH:0
BRDA:2,0,0,0
BRDA:2,0,1,0
BRF:2
BRH:0
end_of_record
TN:
SF:C:\Users\patin\twitter-clone-application\models\currentUser.js
FN:3,(anonymous_0)
FN:7,(anonymous_1)
FNF:2
FNH:2
FNDA:1,(anonymous_0)
FNDA:2,(anonymous_1)
DA:1,3
DA:4,1
DA:5,1
DA:8,2
LF:4
LH:4
BRF:0
BRH:0
end_of_record
TN:
SF:C:\Users\patin\twitter-clone-application\models\helper.js
FN:2,(anonymous_0)
FNF:1
FNH:1
FNDA:15,(anonymous_0)
DA:1,3
DA:3,15
DA:5,15
DA:9,15
LF:4
LH:4
BRF:0
BRH:0
end_of_record
TN:
SF:C:\Users\patin\twitter-clone-application\models\index.js
FN:7,(anonymous_0)
FNF:1
FNH:1
FNDA:4,(anonymous_0)
DA:1,3
DA:2,3
DA:3,3
DA:5,3
DA:7,3
DA:8,4
DA:9,4
DA:10,3
DA:12,0
DA:16,3
LF:10
LH:9
BRF:0
BRH:0
end_of_record
TN:
SF:C:\Users\patin\twitter-clone-application\models\tweet.js
FN:1,(anonymous_0)
FNF:1
FNH:1
FNDA:3,(anonymous_0)
DA:1,3
DA:2,3
LF:2
LH:2
BRF:0
BRH:0
end_of_record
TN:
SF:C:\Users\patin\twitter-clone-application\models\tweetsDatabase.js
FN:9,(anonymous_0)
FN:11,(anonymous_1)
FN:20,(anonymous_2)
FN:25,(anonymous_3)
FN:26,(anonymous_4)
FN:40,(anonymous_5)
FN:43,(anonymous_6)
FN:45,(anonymous_7)
FN:49,(anonymous_8)
FN:52,(anonymous_9)
FN:54,(anonymous_10)
FN:57,(anonymous_11)
FNF:12
FNH:10
FNDA:2,(anonymous_0)
FNDA:2,(anonymous_1)
FNDA:3,(anonymous_2)
FNDA:16,(anonymous_3)
FNDA:3,(anonymous_4)
FNDA:1,(anonymous_5)
FNDA:0,(anonymous_6)
FNDA:0,(anonymous_7)
FNDA:1,(anonymous_8)
FNDA:1,(anonymous_9)
FNDA:2,(anonymous_10)
FNDA:10,(anonymous_11)
DA:1,2
DA:2,2
DA:3,2
DA:5,2
DA:7,2
DA:10,2
DA:11,2
DA:12,2
DA:13,2
DA:18,2
DA:22,3
DA:24,3
DA:25,16
DA:26,3
DA:28,3
DA:29,2
DA:32,3
DA:38,3
DA:41,1
DA:45,0
DA:46,0
DA:50,1
DA:55,2
DA:56,2
DA:57,2
DA:58,10
DA:59,6
DA:60,10
DA:66,2
LF:29
LH:27
BRDA:28,0,0,2
BRDA:28,0,1,1
BRDA:58,1,0,6
BRDA:58,1,1,4
BRF:4
BRH:4
end_of_record
TN:
SF:C:\Users\patin\twitter-clone-application\models\user.js
FN:1,(anonymous_0)
FNF:1
FNH:1
FNDA:3,(anonymous_0)
DA:1,3
DA:2,3
LF:2
LH:2
BRF:0
BRH:0
end_of_record
TN:
SF:C:\Users\patin\twitter-clone-application\routes\tweets.js
FN:15,(anonymous_0)
FN:17,(anonymous_1)
FN:27,(anonymous_2)
FN:39,(anonymous_3)
FN:56,(anonymous_4)
FN:59,(anonymous_5)
FN:67,(anonymous_6)
FN:73,(anonymous_7)
FN:86,(anonymous_8)
FN:92,(anonymous_9)
FN:98,(anonymous_10)
FNF:11
FNH:6
FNDA:1,(anonymous_0)
FNDA:1,(anonymous_1)
FNDA:1,(anonymous_2)
FNDA:1,(anonymous_3)
FNDA:1,(anonymous_4)
FNDA:0,(anonymous_5)
FNDA:0,(anonymous_6)
FNDA:1,(anonymous_7)
FNDA:0,(anonymous_8)
FNDA:0,(anonymous_9)
FNDA:0,(anonymous_10)
DA:1,1
DA:2,1
DA:3,1
DA:4,1
DA:5,1
DA:6,1
DA:7,1
DA:9,1
DA:10,1
DA:11,1
DA:13,1
DA:15,1
DA:16,1
DA:17,1
DA:18,1
DA:19,0
DA:22,1
DA:27,1
DA:28,1
DA:29,1
DA:30,1
DA:31,1
DA:32,0
DA:34,1
DA:36,1
DA:39,1
DA:40,1
DA:41,1
DA:42,1
DA:43,1
DA:44,0
DA:46,1
DA:48,1
DA:56,1
DA:57,1
DA:59,1
DA:60,0
DA:61,0
DA:62,0
DA:64,0
DA:67,1
DA:68,0
DA:70,0
DA:73,1
DA:75,1
DA:76,1
DA:77,0
DA:78,0
DA:81,1
DA:82,1
DA:86,1
DA:87,0
DA:88,0
DA:89,0
DA:90,0
DA:92,1
DA:93,0
DA:94,0
DA:95,0
DA:98,1
DA:99,0
DA:102,1
LF:62
LH:43
BRDA:18,0,0,0
BRDA:18,0,1,1
BRDA:31,1,0,0
BRDA:31,1,1,1
BRDA:43,2,0,0
BRDA:43,2,1,1
BRDA:76,3,0,0
BRDA:76,3,1,1
BRF:8
BRH:4
end_of_record
TN:
SF:C:\Users\patin\twitter-clone-application\routes\users.js
FN:14,(anonymous_0)
FN:19,(anonymous_1)
FN:23,(anonymous_2)
FN:44,(anonymous_3)
FN:47,(anonymous_4)
FN:51,(anonymous_5)
FN:63,(anonymous_6)
FNF:7
FNH:2
FNDA:1,(anonymous_0)
FNDA:1,(anonymous_1)
FNDA:0,(anonymous_2)
FNDA:0,(anonymous_3)
FNDA:0,(anonymous_4)
FNDA:0,(anonymous_5)
FNDA:0,(anonymous_6)
DA:1,1
DA:2,1
DA:3,1
DA:4,1
DA:5,1
DA:6,1
DA:8,1
DA:11,1
DA:12,1
DA:14,1
DA:16,1
DA:19,1
DA:20,1
DA:23,1
DA:25,0
DA:27,0
DA:28,0
DA:29,0
DA:30,0
DA:33,0
DA:34,0
DA:36,0
DA:37,0
DA:38,0
DA:40,0
DA:44,1
DA:45,0
DA:47,1
DA:48,0
DA:49,0
DA:50,0
DA:52,0
DA:53,0
DA:54,0
DA:57,0
DA:58,0
DA:60,0
DA:63,1
DA:64,0
DA:67,1
LF:40
LH:18
BRDA:29,0,0,0
BRDA:29,0,1,0
BRDA:33,1,0,0
BRDA:33,1,1,0
BRDA:36,2,0,0
BRDA:36,2,1,0
BRDA:36,3,0,0
BRDA:36,3,1,0
BRDA:57,4,0,0
BRDA:57,4,1,0
BRF:10
BRH:0
end_of_record
